<?xml version="1.0" encoding="UTF-8"?>
<!-- Generated by org.testng.reporters.JUnitReportReporter -->
<testsuite hostname="qa-vm09" name="AddClicks.AddClicks" tests="1" failures="0" timestamp="23 May 2017 20:32:30 GMT" time="180.984" errors="0">
  <testcase name="click" time="180.984" classname="AddClicks.AddClicks"/>
</testsuite> <!-- AddClicks.AddClicks -->
