<?xml version="1.0" encoding="UTF-8"?>
<!-- Generated by org.testng.reporters.JUnitReportReporter -->
<testsuite hostname="qa-vm09" name="AddClicks.TestAddClicks" tests="1" failures="0" timestamp="24 May 2017 16:39:01 GMT" time="18.140" errors="0">
  <testcase name="click" time="18.140" classname="AddClicks.TestAddClicks"/>
</testsuite> <!-- AddClicks.TestAddClicks -->
