<?xml version="1.0" encoding="UTF-8"?>
<!-- Generated by org.testng.reporters.JUnitReportReporter -->
<testsuite hostname="qa-vm09" name="TEST.src.TestCode2.CampaignTest" tests="2" failures="0" timestamp="6 Mar 2017 16:29:47 GMT" time="1087.000" errors="0">
  <testcase name="b" time="548.619" classname="TEST.src.TestCode2.CampaignTest"/>
  <testcase name="a" time="538.381" classname="TEST.src.TestCode2.CampaignTest"/>
</testsuite> <!-- TEST.src.TestCode2.CampaignTest -->
