<?xml version="1.0" encoding="UTF-8"?>
<!-- Generated by org.testng.reporters.JUnitReportReporter -->
<testsuite hostname="qa-vm09" name="TestNGScript.FindAllLinks" tests="1" failures="0" timestamp="9 Mar 2017 14:53:37 GMT" time="20.495" errors="0">
  <testcase name="f" time="20.495" classname="TestNGScript.FindAllLinks"/>
</testsuite> <!-- TestNGScript.FindAllLinks -->
